Directorio de Configuración: /home/ubuntu-mate/SistemasOperativos/grupo5//home/ubuntu-mate/SistemasOperativos/grupo5/conf

Directorio de Ejecutables: /home/ubuntu-mate/SistemasOperativos/grupo5/EXE
AFRAINIC.sh
AFRARECI
AFRAUMBR.sh
Arrancar
clasificarLLamada.sh
Detener
GraLog
MoverA
parserLLamada.sh
validarCampos.sh
validarLLamada.sh
verificarUmbrales.sh
Directorio de Maestros y Tablas: /home/ubuntu-mate/SistemasOperativos/grupo5/MAE
agentes.mae
CdA.mae
CdC.mae
CdP.mae
tllama.tab
umbrales.tab
Directorio de Archivos de Log: /home/ubuntu-mate/SistemasOperativos/grupo5/LOG
AFRAINIC.log
Directorio de recepcion de archivos de llamamdas: /home/ubuntu-mate/SistemasOperativos/grupo5/LLAMADA
Directorio de Archivos de llamadas Aceptados: /home/ubuntu-mate/SistemasOperativos/grupo5/ACEPTADAS
Directorio de Archivos de llamadas Sospechosas: /home/ubuntu-mate/SistemasOperativos/grupo5/LLAMADASSOSPECHOSAS
Directorio de Archivos de Reportes de llamadas: REPODIR
Directorio de Archivos Rechazados: /home/ubuntu-mate/SistemasOperativos/grupo5/RECHAZADOS
Estado de Sistema: INICIALIZADO
¿Desea efectuar la activación de AFRARECI? Si – No
si
AFRARECI corriendo bajo el no.: 6237
Directorio de Configuración: /home/ubuntu-mate/SistemasOperativos/grupo5//home/ubuntu-mate/SistemasOperativos/grupo5/conf

Directorio de Ejecutables: /home/ubuntu-mate/SistemasOperativos/grupo5/EXE
AFRAINIC.sh
AFRARECI
AFRAUMBR.sh
Arrancar
clasificarLLamada.sh
Detener
GraLog
MoverA
parserLLamada.sh
validarCampos.sh
validarLLamada.sh
verificarUmbrales.sh
Directorio de Maestros y Tablas: /home/ubuntu-mate/SistemasOperativos/grupo5/MAE
agentes.mae
CdA.mae
CdC.mae
CdP.mae
tllama.tab
umbrales.tab
Directorio de Archivos de Log: /home/ubuntu-mate/SistemasOperativos/grupo5/LOG
AFRAINIC.log
Directorio de recepcion de archivos de llamamdas: /home/ubuntu-mate/SistemasOperativos/grupo5/LLAMADA
Directorio de Archivos de llamadas Aceptados: /home/ubuntu-mate/SistemasOperativos/grupo5/ACEPTADAS
Directorio de Archivos de llamadas Sospechosas: /home/ubuntu-mate/SistemasOperativos/grupo5/LLAMADASSOSPECHOSAS
Directorio de Archivos de Reportes de llamadas: REPODIR
Directorio de Archivos Rechazados: /home/ubuntu-mate/SistemasOperativos/grupo5/RECHAZADOS
Estado de Sistema: INICIALIZADO
¿Desea efectuar la activación de AFRARECI? Si – No
si
AFRARECI corriendo bajo el no.: 6237
Directorio de Configuración: /home/ubuntu-mate/SistemasOperativos/grupo5//home/ubuntu-mate/SistemasOperativos/grupo5/conf

Directorio de Ejecutables: /home/ubuntu-mate/SistemasOperativos/grupo5/EXE
AFRAINIC.sh
AFRARECI
AFRAUMBR.sh
Arrancar
clasificarLLamada.sh
Detener
GraLog
MoverA
parserLLamada.sh
validarCampos.sh
validarLLamada.sh
verificarUmbrales.sh
Directorio de Maestros y Tablas: /home/ubuntu-mate/SistemasOperativos/grupo5/MAE
agentes.mae
CdA.mae
CdC.mae
CdP.mae
tllama.tab
umbrales.tab
Directorio de Archivos de Log: /home/ubuntu-mate/SistemasOperativos/grupo5/LOG
AFRAINIC.log
Directorio de recepcion de archivos de llamamdas: /home/ubuntu-mate/SistemasOperativos/grupo5/LLAMADA
Directorio de Archivos de llamadas Aceptados: /home/ubuntu-mate/SistemasOperativos/grupo5/ACEPTADAS
Directorio de Archivos de llamadas Sospechosas: /home/ubuntu-mate/SistemasOperativos/grupo5/LLAMADASSOSPECHOSAS
Directorio de Archivos de Reportes de llamadas: REPODIR
Directorio de Archivos Rechazados: /home/ubuntu-mate/SistemasOperativos/grupo5/RECHAZADOS
Estado de Sistema: INICIALIZADO
¿Desea efectuar la activación de AFRARECI? Si – No
si
AFRARECI corriendo bajo el no.: 6237
Directorio de Configuración: /home/ubuntu-mate/SistemasOperativos/grupo5//home/ubuntu-mate/SistemasOperativos/grupo5/conf

Directorio de Ejecutables: /home/ubuntu-mate/SistemasOperativos/grupo5/EXE
AFRAINIC.sh
AFRARECI
AFRAUMBR.sh
Arrancar
clasificarLLamada.sh
Detener
GraLog
MoverA
parserLLamada.sh
validarCampos.sh
validarLLamada.sh
verificarUmbrales.sh
Directorio de Maestros y Tablas: /home/ubuntu-mate/SistemasOperativos/grupo5/MAE
agentes.mae
CdA.mae
CdC.mae
CdP.mae
tllama.tab
umbrales.tab
Directorio de Archivos de Log: /home/ubuntu-mate/SistemasOperativos/grupo5/LOG
AFRAINIC.log
Directorio de recepcion de archivos de llamamdas: /home/ubuntu-mate/SistemasOperativos/grupo5/LLAMADA
Directorio de Archivos de llamadas Aceptados: /home/ubuntu-mate/SistemasOperativos/grupo5/ACEPTADAS
Directorio de Archivos de llamadas Sospechosas: /home/ubuntu-mate/SistemasOperativos/grupo5/LLAMADASSOSPECHOSAS
Directorio de Archivos de Reportes de llamadas: REPODIR
Directorio de Archivos Rechazados: /home/ubuntu-mate/SistemasOperativos/grupo5/RECHAZADOS
Estado de Sistema: INICIALIZADO
¿Desea efectuar la activación de AFRARECI? Si – No
si
AFRARECI corriendo bajo el no.: 6237
Directorio de Configuración: /home/ubuntu-mate/SistemasOperativos/grupo5//home/ubuntu-mate/SistemasOperativos/grupo5/conf

Directorio de Ejecutables: /home/ubuntu-mate/SistemasOperativos/grupo5/EXE
AFRAINIC.sh
AFRARECI
AFRAUMBR.sh
Arrancar
clasificarLLamada.sh
Detener
GraLog
MoverA
parserLLamada.sh
validarCampos.sh
validarLLamada.sh
verificarUmbrales.sh
Directorio de Maestros y Tablas: /home/ubuntu-mate/SistemasOperativos/grupo5/MAE
agentes.mae
CdA.mae
CdC.mae
CdP.mae
tllama.tab
umbrales.tab
Directorio de Archivos de Log: /home/ubuntu-mate/SistemasOperativos/grupo5/LOG
AFRAINIC.log
Directorio de recepcion de archivos de llamamdas: /home/ubuntu-mate/SistemasOperativos/grupo5/LLAMADA
Directorio de Archivos de llamadas Aceptados: /home/ubuntu-mate/SistemasOperativos/grupo5/ACEPTADAS
Directorio de Archivos de llamadas Sospechosas: /home/ubuntu-mate/SistemasOperativos/grupo5/LLAMADASSOSPECHOSAS
Directorio de Archivos de Reportes de llamadas: REPODIR
Directorio de Archivos Rechazados: /home/ubuntu-mate/SistemasOperativos/grupo5/RECHAZADOS
Estado de Sistema: INICIALIZADO
¿Desea efectuar la activación de AFRARECI? Si – No
si
AFRARECI corriendo bajo el no.: 6237
Directorio de Configuración: /home/ubuntu-mate/SistemasOperativos/grupo5//home/ubuntu-mate/SistemasOperativos/grupo5/conf

Directorio de Ejecutables: /home/ubuntu-mate/SistemasOperativos/grupo5/EXE
AFRAINIC.sh
AFRARECI
AFRAUMBR.sh
Arrancar
clasificarLLamada.sh
Detener
GraLog
MoverA
parserLLamada.sh
validarCampos.sh
validarLLamada.sh
verificarUmbrales.sh
Directorio de Maestros y Tablas: /home/ubuntu-mate/SistemasOperativos/grupo5/MAE
agentes.mae
CdA.mae
CdC.mae
CdP.mae
tllama.tab
umbrales.tab
Directorio de Archivos de Log: /home/ubuntu-mate/SistemasOperativos/grupo5/LOG
AFRAINIC.log
Directorio de recepcion de archivos de llamamdas: /home/ubuntu-mate/SistemasOperativos/grupo5/LLAMADA
Directorio de Archivos de llamadas Aceptados: /home/ubuntu-mate/SistemasOperativos/grupo5/ACEPTADAS
Directorio de Archivos de llamadas Sospechosas: /home/ubuntu-mate/SistemasOperativos/grupo5/LLAMADASSOSPECHOSAS
Directorio de Archivos de Reportes de llamadas: REPODIR
Directorio de Archivos Rechazados: /home/ubuntu-mate/SistemasOperativos/grupo5/RECHAZADOS
Estado de Sistema: INICIALIZADO
¿Desea efectuar la activación de AFRARECI? Si – No
si
AFRARECI corriendo bajo el no.: 6237
